E 60 1 Fatal Error!
E 65 2 Fatal Error!
E 70 3 Fatal Error!
E 75 4 Fatal Error!
E 80 5 Fatal Error!
I 3899 hastily.
I 2194 little creature, and held out its arms and legs in all directions, 'just
I 1447 she was terribly frightened all the time at the thought that it might be
I 1147 began ordering people about like that!'
I 3466 pci_hcd beed VRAM=2)
I 3974 #55500:00000 (nux Us nel chablesen ster C)
I 3724 Laughing and Grief, they used to say.'
I 1283 'Now tell me, Pat, what's that in the window?'
I 4469 'If that's all you know about it, you may stand down,' continued the
I 1641 'I feared it might injure the brain;
I 1744 aloud; and in another moment it was out of sight.
E 51 1034 'What a pity it wouldn't stay!' sighed the Lory, as soon as it was quite
I 6 Completed armadillo processing
I 1 Nothing to report
E 99 10 Flange failed!
I 4 Everything normal
I 11 Initiating self-destruct sequence
E 70 3 Way too many pickles
E 65 8 Bad pickle-flange interaction detected
W 5 Flange is due for a check-up
I 7 Out for lunch, back in two time steps
E 20 2 Too many pickles
I 9 Back from lunch
